<project xmlns="http://maven.apache.org/POM/4.0.0"
  xmlns:xsi="http://www.w3.org/2001/XMLSchema-instance"
  xsi:schemaLocation="http://maven.apache.org/POM/4.0.0
                      http://maven.apache.org/xsd/maven-4.0.0.xsd">

    <modelVersion>4.0.0</modelVersion>

    <groupId>temp</groupId>
    <artifactId>temp</artifactId>
    <version>0</version>

    <!--
    This pom is an attempt at using the latest version of selenium with the
    selenium Maven plugin.

    It is NASTY! And it might be easier to just uses the exec plugin to
    start/stop the server rather than this plugin.

    The plugin seems to be hard-coded to use selenium 2.21.

    One theme of this pom is needing to exclude the "selenium-remote-driver"
    artifact from all other driver dependencies.

    I can't get the phantomjs driver (ghostdriver) to work.
    Maybe something to do with:
        https://github.com/theintern/intern/wiki/Using-Intern-with-PhantomJS
    as the error I was getting seemed to suggest that Function.bind was the
    culprit (and the tests hang).

    Selenium error output:

***START***
14:00:57.578 INFO - Executing: [get: http://localhost:9000/__intern/client.html?baseUrl=%2F&config=tests%2Fintern&reporters=webdriver&sessionId=9b986010-a589-458e-b452-ea45d3031cce] at URL: /session/9b986010-a589-458e-b452-ea45d3031cce/url)
[ERROR - 2013-12-16T14:00:57.630Z] Session [7c9b9e30-665a-11e3-b234-1bd23560f256] - Page at 'http://localhost:9000/__intern/client.html?baseUrl=/&config=tests/intern&reporters=webdriver&sessionId=9b986010-a589-458e-b452-ea45d3031cce' - Console Error (msg):
 TypeError: 'undefined' is not a function (evaluating 'injectModule.bind(null, module)')
[ERROR - 2013-12-16T14:00:57.630Z] Session [7c9b9e30-665a-11e3-b234-1bd23560f256] - Page at 'http://localhost:9000/__intern/client.html?baseUrl=/&config=tests/intern&reporters=webdriver&sessionId=9b986010-a589-458e-b452-ea45d3031cce' - Console Error (stack
): [
  {
    "file": "http://localhost:9000/__intern/node_modules/dojo/dojo.js",
    "line": 272,
    "function": ""
  },
  {
    "file": "http://localhost:9000/__intern/node_modules/dojo/dojo.js",
    "line": 563,
    "function": ""
  },
  {
    "file": "http://localhost:9000/__intern/node_modules/dojo/dojo.js",
    "line": 273,
    "function": ""
  },
  {
    "file": "http://localhost:9000/__intern/node_modules/dojo/dojo.js",
    "line": 30,
    "function": ""
  },
  {
    "file": "http://localhost:9000/__intern/client.html?baseUrl=%2F&config=tests%2Fintern&reporters=webdriver&sessionId=9b986010-a589-458e-b452-ea45d3031cce",
    "line": 32,
    "function": ""
  },
  {
    "file": "http://localhost:9000/__intern/client.html?baseUrl=%2F&config=tests%2Fintern&reporters=webdriver&sessionId=9b986010-a589-458e-b452-ea45d3031cce",
    "line": 33,
    "function": ""
  }
]
14:00:57.698 INFO - Done: /session/9b986010-a589-458e-b452-ea45d3031cce/url
***END***

    Intern output (hangs on last line):

***START***
d:\dev\git_repos\grimbo-bookmarklets\bookmarklets\settlersonlinesimulator>node node_modules/intern/runner.js config=tests/intern
Listening on 0.0.0.0:9000
Initialised phantomjs 1.9.2 on XP
tests/ReporterToHandleJasmineJUnitReports.js /session/start - 9b986010-a589-458e-b452-ea45d3031cce
tests/ReporterToHandleJasmineJUnitReports.js Initialised phantomjs 1.9.2 on XP
***END***
    -->

    <properties>
        <!-- 2.3 (12-Apr-2012) seems to be the latest version -->
        <selenium-maven-plugin.version>2.3</selenium-maven-plugin.version>

        <!-- 2.38.0 (05-Dec-2013) -->
        <selenium-server.version>2.38.0</selenium-server.version>

        <webdriver.chrome.driver>${basedir}/tmp/chromedriver.exe</webdriver.chrome.driver>
    </properties>

    <build>
        <pluginManagement>
            <plugins>
                <plugin>
                    <groupId>org.codehaus.mojo</groupId>
                    <artifactId>exec-maven-plugin</artifactId>
                    <version>1.2.1</version>
                </plugin>
                <plugin>
                    <groupId>org.codehaus.mojo</groupId>
                    <artifactId>selenium-maven-plugin</artifactId>
                    <version>${selenium-maven-plugin.version}</version>
                    <dependencies>
                        <dependency>
                            <groupId>org.seleniumhq.selenium</groupId>
                            <artifactId>selenium-server</artifactId>
                            <version>${selenium-server.version}</version>
                        </dependency>
                        <dependency>
                            <groupId>org.seleniumhq.selenium</groupId>
                            <artifactId>selenium-remote-driver</artifactId>
                            <version>${selenium-server.version}</version>
                        </dependency>
                        <dependency>
                            <groupId>org.seleniumhq.selenium</groupId>
                            <artifactId>selenium-api</artifactId>
                            <version>${selenium-server.version}</version>
                        </dependency>
                        <!--
Exception in thread "main" java.lang.VerifyError: (class: org/openqa/selenium/htmlunit/HtmlUnitDriver, method: actionsBuilder signature: ()Lorg/openqa/selenium/interactions/ActionChainsGenerator;) Wrong return type in function
        at java.lang.Class.forName0(Native Method)
                        -->
                        <dependency>
                            <groupId>org.seleniumhq.selenium</groupId>
                            <artifactId>selenium-htmlunit-driver</artifactId>
                            <version>${selenium-server.version}</version>
                            <exclusions>
                                <exclusion>
                                    <groupId>org.seleniumhq.selenium</groupId>
                                    <artifactId>selenium-remote-driver</artifactId>
                                </exclusion>
                            </exclusions>
                        </dependency>
                        <dependency>
                            <groupId>org.seleniumhq.selenium</groupId>
                            <artifactId>selenium-chrome-driver</artifactId>
                            <version>${selenium-server.version}</version>
                            <exclusions>
                                <exclusion>
                                    <groupId>org.seleniumhq.selenium</groupId>
                                    <artifactId>selenium-remote-driver</artifactId>
                                </exclusion>
                            </exclusions>
                        </dependency>
                        <dependency>
                            <groupId>org.seleniumhq.selenium</groupId>
                            <artifactId>selenium-firefox-driver</artifactId>
                            <version>${selenium-server.version}</version>
                            <exclusions>
                                <exclusion>
                                    <groupId>org.seleniumhq.selenium</groupId>
                                    <artifactId>selenium-remote-driver</artifactId>
                                </exclusion>
                            </exclusions>
                        </dependency>
                        <!--
12:29:04.431 INFO - Unable to register driver with className org.openqa.selenium.phantomjs.PhantomJSDriver - not be able to create due org.openqa.selenium.phantomjs.PhantomJSDriver
java.lang.ClassNotFoundException: org.openqa.selenium.phantomjs.PhantomJSDriver
                        -->
                        <dependency>
                            <groupId>com.github.detro.ghostdriver</groupId>
                            <artifactId>phantomjsdriver</artifactId>
                            <version>1.0.4</version>
                            <exclusions>
                                <exclusion>
                                    <groupId>org.seleniumhq.selenium</groupId>
                                    <artifactId>selenium-remote-driver</artifactId>
                                </exclusion>
                            </exclusions>
                        </dependency>
                        <!--
12:39:04.139 INFO - Unable to register driver with className com.opera.core.systems.OperaDriver - not be able to create due com.opera.core.systems.OperaDriver
java.lang.ClassNotFoundException: com.opera.core.systems.OperaDriver
                        -->
                        <dependency>
                            <groupId>com.opera</groupId>
                            <artifactId>operadriver</artifactId>
                            <version>1.5</version>
                            <exclusions>
                                <exclusion>
                                    <groupId>org.seleniumhq.selenium</groupId>
                                    <artifactId>selenium-remote-driver</artifactId>
                                </exclusion>
                            </exclusions>
                        </dependency>
                        <dependency>
                            <groupId>org.seleniumhq.selenium</groupId>
                            <artifactId>selenium-remote-control</artifactId>
                            <!-- this is the latest for this artifact -->
                            <version>2.0rc2</version>
                        </dependency>
                        <!--
12:40:38.868 WARN - Unable to register driver with className org.openqa.selenium.firefox.FirefoxDriver - dependency missing due org/openqa/selenium/remote/RenderedRemoteWebElement
java.lang.NoClassDefFoundError: org/openqa/selenium/remote/RenderedRemoteWebElement
                        -->
                        <dependency>
                            <groupId>org.seleniumhq.selenium</groupId>
                            <artifactId>selenium-remote-client</artifactId>
                            <version>2.0b1</version>
                        </dependency>
                        <!--
12:48:35,890 WARN  [org.openqa.jetty.jetty.servlet.ServletHandler] EXCEPTION
javax.servlet.ServletException: init
        at org.openqa.jetty.jetty.servlet.ServletHolder.getServlet(ServletHolder.java:350)
        at org.openqa.jetty.jetty.servlet.ServletHolder.handle(ServletHolder.java:405)
        at org.openqa.jetty.jetty.servlet.ServletHandler.dispatch(ServletHandler.java:680)
        at org.openqa.jetty.jetty.servlet.ServletHandler.handle(ServletHandler.java:571)
        at org.openqa.jetty.http.HttpContext.handle(HttpContext.java:1526)
        at org.openqa.jetty.http.HttpContext.handle(HttpContext.java:1479)
        at org.openqa.jetty.http.HttpServer.service(HttpServer.java:920)
        at org.openqa.jetty.http.HttpConnection.service(HttpConnection.java:820)
        at org.openqa.jetty.http.HttpConnection.handleNext(HttpConnection.java:986)
        at org.openqa.jetty.http.HttpConnection.handle(HttpConnection.java:837)
        at org.openqa.jetty.http.SocketListener.handleConnection(SocketListener.java:243)
        at org.openqa.jetty.util.ThreadedServer.handle(ThreadedServer.java:358)
        at org.openqa.jetty.util.ThreadPool$PoolThread.run(ThreadPool.java:537)
Caused by: java.lang.NoClassDefFoundError: com/google/common/net/MediaType
        at org.openqa.selenium.remote.server.renderer.ResourceCopyResult.<clinit>(ResourceCopyResult.java:35)
        at org.openqa.selenium.remote.server.JsonHttpRemoteConfig.setUpMappings(JsonHttpRemoteConfig.java:240)
        at org.openqa.selenium.remote.server.JsonHttpRemoteConfig.<init>(JsonHttpRemoteConfig.java:155)
        at org.openqa.selenium.remote.server.DriverServlet.init(DriverServlet.java:66)
        at javax.servlet.GenericServlet.init(GenericServlet.java:241)
        at org.openqa.jetty.jetty.servlet.ServletHolder.initServlet(ServletHolder.java:383)
        at org.openqa.jetty.jetty.servlet.ServletHolder.getServlet(ServletHolder.java:329)
        ... 12 more
Caused by: java.lang.ClassNotFoundException: com.google.common.net.MediaType
        at java.net.URLClassLoader$1.run(URLClassLoader.java:366)
        at java.net.URLClassLoader$1.run(URLClassLoader.java:355)
        at java.security.AccessController.doPrivileged(Native Method)
        at java.net.URLClassLoader.findClass(URLClassLoader.java:354)
        at java.lang.ClassLoader.loadClass(ClassLoader.java:424)
        at sun.misc.Launcher$AppClassLoader.loadClass(Launcher.java:308)
        at java.lang.ClassLoader.loadClass(ClassLoader.java:357)
        ... 19 more
                        -->
                        <dependency>
                            <groupId>com.google.guava</groupId>
                            <artifactId>guava</artifactId>
                            <version>15.0</version>
                        </dependency>
                    </dependencies>
                    <configuration>
                        <!--
                        Required, or org.openqa.selenium.chrome.ChromeDriverService fails.
                        -->
                        <systemProperties>
                            <webdriver.chrome.driver>${webdriver.chrome.driver}</webdriver.chrome.driver>
                        </systemProperties>
                    </configuration>
                </plugin>
            </plugins>
        </pluginManagement>
        <plugins>
            <plugin>
                <groupId>org.codehaus.mojo</groupId>
                <artifactId>selenium-maven-plugin</artifactId>
                <configuration>
                    <configuration>
                        <logOutput>true</logOutput>
                    </configuration>
                </configuration>
                <executions>
                    <execution>
                        <id>start</id>
                        <phase>pre-integration-test</phase>
                        <goals>
                            <goal>start-server</goal>
                        </goals>
                        <configuration>
                            <background>true</background>
                        </configuration>
                    </execution>
                    <execution>
                        <id>stop</id>
                        <phase>post-integration-test</phase>
                        <goals>
                            <goal>stop-server</goal>
                        </goals>
                    </execution>
                </executions>
            </plugin>
            <plugin>
                <groupId>org.codehaus.mojo</groupId>
                <artifactId>exec-maven-plugin</artifactId>
                <executions>
                    <execution>
                        <id>start</id>
                        <phase>integration-test</phase>
                        <goals>
                            <goal>exec</goal>
                        </goals>
                    </execution>
                </executions>
                <configuration>
                    <executable>node</executable>
                    <arguments>
                        <argument>node_modules/intern/runner.js</argument>
                        <argument>config=interntest/intern</argument>
                    </arguments>
                </configuration>
            </plugin>
        </plugins>
    </build>

</project>
